[2023-06-26 20:38:13] [ INFO ] [OdontologoController:29] Listando todos los odontologos
[2023-06-26 20:38:21] [ INFO ] [OdontologoController:62] Registrando nuevo odontologo
[2023-06-26 20:38:22] [ INFO ] [OdontologoController:29] Listando todos los odontologos
[2023-06-26 20:39:52] [ INFO ] [OdontologoController:86] Se elimino correctamente el odontologo
[2023-06-26 20:39:57] [ INFO ] [OdontologoController:62] Registrando nuevo odontologo
[2023-06-26 20:39:58] [ INFO ] [OdontologoController:29] Listando todos los odontologos
[2023-06-26 20:39:59] [ INFO ] [OdontologoController:38] Buscando odontologo por ID con exito
[2023-06-26 20:40:02] [ INFO ] [OdontologoController:71] Se actualizo correctmente el odontologo
[2023-06-26 20:40:02] [ INFO ] [OdontologoController:29] Listando todos los odontologos
[2023-06-26 20:40:04] [ INFO ] [OdontologoController:38] Buscando odontologo por ID con exito
[2023-06-26 20:40:07] [ INFO ] [OdontologoController:71] Se actualizo correctmente el odontologo
[2023-06-26 20:40:07] [ INFO ] [OdontologoController:29] Listando todos los odontologos
[2023-06-26 20:40:11] [ INFO ] [OdontologoController:86] Se elimino correctamente el odontologo
[2023-06-26 22:26:00] [ INFO ] [OdontologoController:29] Listando todos los odontologos
[2023-06-26 22:26:06] [ INFO ] [OdontologoController:62] Registrando nuevo odontologo
[2023-06-26 22:26:07] [ INFO ] [OdontologoController:29] Listando todos los odontologos
[2023-06-26 22:26:15] [ INFO ] [OdontologoController:38] Buscando odontologo por ID con exito
[2023-06-26 22:26:19] [ INFO ] [OdontologoController:71] Se actualizo correctmente el odontologo
[2023-06-26 22:26:19] [ INFO ] [OdontologoController:29] Listando todos los odontologos
[2023-06-26 22:26:20] [ INFO ] [OdontologoController:86] Se elimino correctamente el odontologo
[2023-06-27 15:36:08] [ INFO ] [PacienteController:29] Buscando lista de pacientes
[2023-06-27 15:36:23] [ INFO ] [PacienteController:63] Registrando paciente
[2023-06-27 15:36:30] [ INFO ] [PacienteController:29] Buscando lista de pacientes
[2023-06-27 15:36:58] [ INFO ] [PacienteController:29] Buscando lista de pacientes
[2023-06-27 15:40:07] [ INFO ] [PacienteController:29] Buscando lista de pacientes
[2023-06-27 15:40:24] [ INFO ] [PacienteController:63] Registrando paciente
[2023-06-27 15:40:27] [ INFO ] [PacienteController:29] Buscando lista de pacientes
[2023-06-27 15:42:36] [ INFO ] [PacienteController:29] Buscando lista de pacientes
[2023-06-27 15:42:51] [ INFO ] [PacienteController:63] Registrando paciente
[2023-06-27 15:42:55] [ INFO ] [PacienteController:29] Buscando lista de pacientes
[2023-06-27 15:43:01] [ INFO ] [PacienteController:29] Buscando lista de pacientes
[2023-06-27 15:44:51] [ INFO ] [PacienteController:29] Buscando lista de pacientes
[2023-06-27 15:45:06] [ INFO ] [PacienteController:63] Registrando paciente
[2023-06-27 15:45:09] [ INFO ] [PacienteController:29] Buscando lista de pacientes
[2023-06-27 15:45:37] [ INFO ] [PacienteController:29] Buscando lista de pacientes
[2023-06-27 15:45:54] [ INFO ] [PacienteController:29] Buscando lista de pacientes
[2023-06-27 15:46:22] [ INFO ] [OdontologoController:29] Listando todos los odontologos
[2023-06-27 15:58:22] [ INFO ] [OdontologoController:29] Listando todos los odontologos
[2023-06-27 15:58:29] [ INFO ] [OdontologoController:62] Registrando nuevo odontologo
[2023-06-27 15:58:31] [ INFO ] [OdontologoController:29] Listando todos los odontologos
[2023-06-27 15:58:33] [ INFO ] [OdontologoController:38] Buscando odontologo por ID con exito
[2023-06-27 15:58:35] [ INFO ] [OdontologoController:71] Se actualizo correctmente el odontologo
[2023-06-27 15:58:35] [ INFO ] [OdontologoController:29] Listando todos los odontologos
[2023-06-27 15:58:40] [ INFO ] [OdontologoController:62] Registrando nuevo odontologo
[2023-06-27 15:58:41] [ INFO ] [OdontologoController:29] Listando todos los odontologos
[2023-06-27 15:58:43] [ INFO ] [OdontologoController:86] Se elimino correctamente el odontologo
[2023-06-27 15:58:45] [ INFO ] [PacienteController:29] Buscando lista de pacientes
[2023-06-27 15:58:59] [ INFO ] [PacienteController:63] Registrando paciente
[2023-06-27 15:59:24] [ INFO ] [PacienteController:63] Registrando paciente
[2023-06-27 15:59:26] [ INFO ] [PacienteController:29] Buscando lista de pacientes
[2023-06-27 15:59:35] [ INFO ] [PacienteController:38] Paciente encontrado
[2023-06-27 16:00:06] [ INFO ] [PacienteController:87] Paciente eliminado con exito
[2023-06-27 16:00:08] [ INFO ] [PacienteController:38] Paciente encontrado
[2023-06-27 16:00:26] [ INFO ] [PacienteController:38] Paciente encontrado
[2023-06-27 16:00:29] [ INFO ] [PacienteController:38] Paciente encontrado
[2023-06-27 16:03:23] [ INFO ] [PacienteController:29] Buscando lista de pacientes
[2023-06-27 16:03:41] [ INFO ] [PacienteController:63] Registrando paciente
[2023-06-27 16:03:44] [ INFO ] [PacienteController:29] Buscando lista de pacientes
[2023-06-27 16:03:46] [ INFO ] [PacienteController:38] Paciente encontrado
[2023-06-27 16:04:35] [ INFO ] [PacienteController:38] Paciente encontrado
[2023-06-27 16:05:43] [ INFO ] [PacienteController:29] Buscando lista de pacientes
[2023-06-27 16:06:00] [ INFO ] [PacienteController:63] Registrando paciente
[2023-06-27 16:06:02] [ INFO ] [PacienteController:29] Buscando lista de pacientes
[2023-06-27 16:06:03] [ INFO ] [PacienteController:38] Paciente encontrado
[2023-06-27 16:07:03] [ INFO ] [PacienteController:29] Buscando lista de pacientes
[2023-06-27 16:09:45] [ INFO ] [PacienteController:38] Paciente encontrado
[2023-06-27 16:09:58] [ INFO ] [PacienteController:29] Buscando lista de pacientes
[2023-06-27 16:10:02] [ INFO ] [PacienteController:38] Paciente encontrado
[2023-06-27 16:10:05] [ INFO ] [PacienteController:29] Buscando lista de pacientes
[2023-06-27 16:10:07] [ INFO ] [PacienteController:38] Paciente encontrado
[2023-06-27 16:10:12] [ INFO ] [PacienteController:29] Buscando lista de pacientes
[2023-06-27 16:10:36] [ INFO ] [PacienteController:29] Buscando lista de pacientes
[2023-06-27 16:10:47] [ INFO ] [PacienteController:29] Buscando lista de pacientes
[2023-06-27 16:13:38] [ INFO ] [PacienteController:29] Buscando lista de pacientes
[2023-06-27 16:13:58] [ INFO ] [PacienteController:63] Registrando paciente
[2023-06-27 16:14:07] [ INFO ] [PacienteController:29] Buscando lista de pacientes
[2023-06-27 16:14:18] [ INFO ] [PacienteController:38] Paciente encontrado
[2023-06-27 16:15:06] [ INFO ] [PacienteController:73] Actualizando paciente correctamente
[2023-06-27 16:15:06] [ INFO ] [PacienteController:29] Buscando lista de pacientes
[2023-06-27 16:15:13] [ INFO ] [PacienteController:29] Buscando lista de pacientes
[2023-06-27 16:19:37] [ INFO ] [PacienteController:38] Paciente encontrado
[2023-06-27 16:19:53] [ INFO ] [PacienteController:63] Registrando paciente
[2023-06-27 16:20:04] [ INFO ] [PacienteController:29] Buscando lista de pacientes
[2023-06-27 16:20:10] [ INFO ] [PacienteController:29] Buscando lista de pacientes
[2023-06-27 16:20:34] [ INFO ] [PacienteController:63] Registrando paciente
[2023-06-27 16:21:29] [ INFO ] [PacienteController:63] Registrando paciente
[2023-06-27 16:21:33] [ INFO ] [PacienteController:29] Buscando lista de pacientes
[2023-06-27 16:21:38] [ INFO ] [PacienteController:38] Paciente encontrado
[2023-06-27 16:22:11] [ INFO ] [PacienteController:73] Actualizando paciente correctamente
[2023-06-27 16:22:11] [ INFO ] [PacienteController:29] Buscando lista de pacientes
[2023-06-27 16:22:14] [ INFO ] [PacienteController:38] Paciente encontrado
[2023-06-27 16:22:29] [ INFO ] [PacienteController:38] Paciente encontrado
[2023-06-27 16:27:33] [ INFO ] [PacienteController:29] Buscando lista de pacientes
[2023-06-27 16:27:47] [ INFO ] [PacienteController:63] Registrando paciente
[2023-06-27 16:27:49] [ INFO ] [PacienteController:29] Buscando lista de pacientes
[2023-06-27 16:27:52] [ INFO ] [PacienteController:38] Paciente encontrado
[2023-06-27 16:28:14] [ INFO ] [PacienteController:73] Actualizando paciente correctamente
[2023-06-27 16:28:24] [ INFO ] [PacienteController:73] Actualizando paciente correctamente
[2023-06-27 16:35:51] [ INFO ] [PacienteController:73] Actualizando paciente correctamente
[2023-06-27 16:37:07] [ INFO ] [PacienteController:29] Buscando lista de pacientes
[2023-06-27 16:37:24] [ INFO ] [PacienteController:29] Buscando lista de pacientes
[2023-06-27 16:37:47] [ INFO ] [PacienteController:63] Registrando paciente
[2023-06-27 16:37:51] [ INFO ] [PacienteController:29] Buscando lista de pacientes
[2023-06-27 16:37:56] [ INFO ] [PacienteController:38] Paciente encontrado
[2023-06-27 16:38:20] [ INFO ] [PacienteController:73] Actualizando paciente correctamente
[2023-06-27 16:41:14] [ INFO ] [PacienteController:63] Registrando paciente
[2023-06-27 16:41:17] [ INFO ] [PacienteController:29] Buscando lista de pacientes
[2023-06-27 16:41:23] [ INFO ] [PacienteController:29] Buscando lista de pacientes
[2023-06-27 16:41:39] [ INFO ] [PacienteController:29] Buscando lista de pacientes
[2023-06-27 16:41:43] [ INFO ] [PacienteController:29] Buscando lista de pacientes
[2023-06-27 16:43:52] [ INFO ] [PacienteController:29] Buscando lista de pacientes
[2023-06-27 16:44:07] [ INFO ] [PacienteController:63] Registrando paciente
[2023-06-27 16:44:12] [ INFO ] [PacienteController:29] Buscando lista de pacientes
[2023-06-27 16:44:15] [ INFO ] [PacienteController:38] Paciente encontrado
[2023-06-27 16:44:44] [ INFO ] [PacienteController:73] Actualizando paciente correctamente
[2023-06-27 16:44:49] [ INFO ] [PacienteController:38] Paciente encontrado
[2023-06-27 16:47:25] [ INFO ] [PacienteController:29] Buscando lista de pacientes
[2023-06-27 16:47:41] [ INFO ] [PacienteController:63] Registrando paciente
[2023-06-27 16:47:43] [ INFO ] [PacienteController:29] Buscando lista de pacientes
[2023-06-27 16:47:47] [ INFO ] [PacienteController:38] Paciente encontrado
[2023-06-27 16:47:55] [ INFO ] [PacienteController:38] Paciente encontrado
[2023-06-27 16:48:04] [ INFO ] [PacienteController:38] Paciente encontrado
[2023-06-27 16:49:09] [ INFO ] [PacienteController:29] Buscando lista de pacientes
[2023-06-27 16:49:24] [ INFO ] [PacienteController:63] Registrando paciente
[2023-06-27 16:49:25] [ INFO ] [PacienteController:29] Buscando lista de pacientes
[2023-06-27 16:49:28] [ INFO ] [PacienteController:38] Paciente encontrado
[2023-06-27 16:49:50] [ INFO ] [PacienteController:73] Actualizando paciente correctamente
[2023-06-27 16:49:53] [ INFO ] [PacienteController:73] Actualizando paciente correctamente
[2023-06-27 16:49:53] [ INFO ] [PacienteController:73] Actualizando paciente correctamente
[2023-06-27 16:49:53] [ INFO ] [PacienteController:73] Actualizando paciente correctamente
[2023-06-27 16:49:54] [ INFO ] [PacienteController:73] Actualizando paciente correctamente
[2023-06-27 16:49:54] [ INFO ] [PacienteController:73] Actualizando paciente correctamente
[2023-06-27 16:50:01] [ INFO ] [PacienteController:73] Actualizando paciente correctamente
[2023-06-27 16:50:01] [ INFO ] [PacienteController:73] Actualizando paciente correctamente
[2023-06-27 16:50:08] [ INFO ] [PacienteController:73] Actualizando paciente correctamente
[2023-06-27 16:54:34] [ INFO ] [PacienteController:38] Paciente encontrado
[2023-06-27 16:54:34] [ INFO ] [PacienteController:38] Paciente encontrado
[2023-06-27 16:54:34] [ INFO ] [PacienteController:38] Paciente encontrado
[2023-06-27 16:54:35] [ INFO ] [PacienteController:73] Actualizando paciente correctamente
[2023-06-27 16:54:36] [ INFO ] [PacienteController:73] Actualizando paciente correctamente
[2023-06-27 16:54:36] [ INFO ] [PacienteController:73] Actualizando paciente correctamente
[2023-06-27 16:54:36] [ INFO ] [PacienteController:73] Actualizando paciente correctamente
[2023-06-27 16:54:36] [ INFO ] [PacienteController:73] Actualizando paciente correctamente
[2023-06-27 16:54:36] [ INFO ] [PacienteController:73] Actualizando paciente correctamente
[2023-06-27 16:54:36] [ INFO ] [PacienteController:73] Actualizando paciente correctamente
[2023-06-27 16:54:37] [ INFO ] [PacienteController:73] Actualizando paciente correctamente
[2023-06-27 16:54:37] [ INFO ] [PacienteController:73] Actualizando paciente correctamente
[2023-06-27 16:54:37] [ INFO ] [PacienteController:73] Actualizando paciente correctamente
[2023-06-27 16:54:37] [ INFO ] [PacienteController:73] Actualizando paciente correctamente
[2023-06-27 16:54:37] [ INFO ] [PacienteController:73] Actualizando paciente correctamente
[2023-06-27 16:54:37] [ INFO ] [PacienteController:73] Actualizando paciente correctamente
[2023-06-27 16:56:01] [ INFO ] [PacienteController:87] Paciente eliminado con exito
[2023-06-27 16:58:53] [ INFO ] [PacienteController:29] Buscando lista de pacientes
[2023-06-27 16:59:07] [ INFO ] [PacienteController:63] Registrando paciente
[2023-06-27 16:59:16] [ INFO ] [PacienteController:29] Buscando lista de pacientes
[2023-06-27 16:59:24] [ INFO ] [PacienteController:38] Paciente encontrado
[2023-06-27 17:00:09] [ INFO ] [PacienteController:73] Actualizando paciente correctamente
[2023-06-27 17:03:13] [ INFO ] [PacienteController:29] Buscando lista de pacientes
[2023-06-27 17:03:16] [ INFO ] [OdontologoController:29] Listando todos los odontologos
[2023-06-27 17:03:20] [ INFO ] [OdontologoController:62] Registrando nuevo odontologo
[2023-06-27 17:03:21] [ INFO ] [OdontologoController:29] Listando todos los odontologos
[2023-06-27 17:03:22] [ INFO ] [OdontologoController:38] Buscando odontologo por ID con exito
[2023-06-27 17:03:28] [ INFO ] [OdontologoController:71] Se actualizo correctmente el odontologo
[2023-06-27 17:03:28] [ INFO ] [OdontologoController:29] Listando todos los odontologos
[2023-06-27 17:03:44] [ INFO ] [PacienteController:29] Buscando lista de pacientes
[2023-06-27 17:04:01] [ INFO ] [PacienteController:63] Registrando paciente
[2023-06-27 17:04:05] [ INFO ] [PacienteController:29] Buscando lista de pacientes
[2023-06-27 17:04:27] [ INFO ] [PacienteController:38] Paciente encontrado
[2023-06-27 17:05:28] [ INFO ] [PacienteController:73] Actualizando paciente correctamente
[2023-06-27 17:09:48] [ INFO ] [PacienteController:29] Buscando lista de pacientes
[2023-06-27 17:10:03] [ INFO ] [PacienteController:63] Registrando paciente
[2023-06-27 17:10:06] [ INFO ] [PacienteController:29] Buscando lista de pacientes
[2023-06-27 17:10:16] [ INFO ] [PacienteController:38] Paciente encontrado
[2023-06-27 17:10:47] [ INFO ] [PacienteController:73] Actualizando paciente correctamente
[2023-06-27 17:12:34] [ INFO ] [PacienteController:38] Paciente encontrado
[2023-06-27 17:12:38] [ INFO ] [PacienteController:38] Paciente encontrado
[2023-06-27 17:12:42] [ INFO ] [PacienteController:29] Buscando lista de pacientes
[2023-06-27 17:12:45] [ INFO ] [PacienteController:29] Buscando lista de pacientes
[2023-06-27 17:13:22] [ INFO ] [PacienteController:29] Buscando lista de pacientes
[2023-06-27 17:22:42] [ INFO ] [PacienteController:73] Actualizando paciente correctamente
[2023-06-27 17:25:30] [ INFO ] [PacienteController:29] Buscando lista de pacientes
[2023-06-27 17:25:46] [ INFO ] [PacienteController:63] Registrando paciente
[2023-06-27 17:25:49] [ INFO ] [PacienteController:29] Buscando lista de pacientes
[2023-06-27 17:25:57] [ INFO ] [PacienteController:38] Paciente encontrado
[2023-06-27 17:26:31] [ INFO ] [PacienteController:73] Actualizando paciente correctamente
[2023-06-27 17:31:19] [ INFO ] [PacienteController:29] Buscando lista de pacientes
[2023-06-27 17:31:33] [ INFO ] [PacienteController:63] Registrando paciente
[2023-06-27 17:31:35] [ INFO ] [PacienteController:29] Buscando lista de pacientes
[2023-06-27 17:32:00] [ INFO ] [PacienteController:38] Paciente encontrado
[2023-06-27 17:32:27] [ INFO ] [PacienteController:73] Actualizando paciente correctamente
[2023-06-27 17:40:02] [ INFO ] [PacienteController:29] Buscando lista de pacientes
[2023-06-27 17:40:14] [ INFO ] [PacienteController:63] Registrando paciente
[2023-06-27 17:40:17] [ INFO ] [PacienteController:29] Buscando lista de pacientes
[2023-06-27 17:40:20] [ INFO ] [PacienteController:38] Paciente encontrado
[2023-06-27 17:40:47] [ INFO ] [PacienteController:73] Actualizando paciente correctamente
[2023-06-27 17:48:40] [ INFO ] [PacienteController:29] Buscando lista de pacientes
[2023-06-27 17:49:00] [ INFO ] [PacienteController:63] Registrando paciente
[2023-06-27 17:49:03] [ INFO ] [PacienteController:29] Buscando lista de pacientes
[2023-06-27 17:49:05] [ INFO ] [PacienteController:38] Paciente encontrado
[2023-06-27 17:49:42] [ INFO ] [PacienteController:29] Buscando lista de pacientes
[2023-06-27 17:50:12] [ INFO ] [PacienteController:38] Paciente encontrado
[2023-06-27 17:50:17] [ INFO ] [PacienteController:29] Buscando lista de pacientes
[2023-06-27 17:50:45] [ INFO ] [PacienteController:38] Paciente encontrado
[2023-06-27 17:50:48] [ INFO ] [PacienteController:29] Buscando lista de pacientes
[2023-06-27 17:50:50] [ INFO ] [PacienteController:38] Paciente encontrado
[2023-06-27 17:50:53] [ INFO ] [PacienteController:29] Buscando lista de pacientes
[2023-06-27 17:53:40] [ INFO ] [PacienteController:29] Buscando lista de pacientes
[2023-06-27 17:53:53] [ INFO ] [PacienteController:63] Registrando paciente
[2023-06-27 17:53:54] [ INFO ] [PacienteController:29] Buscando lista de pacientes
[2023-06-27 17:54:04] [ INFO ] [PacienteController:38] Paciente encontrado
[2023-06-27 17:54:26] [ INFO ] [PacienteController:73] Actualizando paciente correctamente
[2023-06-27 17:54:26] [ INFO ] [PacienteController:29] Buscando lista de pacientes
[2023-06-27 17:54:41] [ INFO ] [PacienteController:38] Paciente encontrado
[2023-06-27 17:58:00] [ INFO ] [PacienteController:29] Buscando lista de pacientes
[2023-06-27 17:58:14] [ INFO ] [PacienteController:63] Registrando paciente
[2023-06-27 17:58:15] [ INFO ] [PacienteController:29] Buscando lista de pacientes
[2023-06-27 17:58:25] [ INFO ] [PacienteController:38] Paciente encontrado
[2023-06-27 17:58:43] [ INFO ] [PacienteController:73] Actualizando paciente correctamente
[2023-06-27 17:58:43] [ INFO ] [PacienteController:29] Buscando lista de pacientes
[2023-06-27 17:59:07] [ INFO ] [PacienteController:87] Paciente eliminado con exito
[2023-06-27 18:02:34] [ INFO ] [PacienteController:29] Buscando lista de pacientes
[2023-06-27 18:02:51] [ INFO ] [PacienteController:63] Registrando paciente
[2023-06-27 18:02:57] [ INFO ] [PacienteController:29] Buscando lista de pacientes
[2023-06-27 18:03:00] [ INFO ] [PacienteController:87] Paciente eliminado con exito
[2023-06-27 18:08:40] [ INFO ] [PacienteController:29] Buscando lista de pacientes
[2023-06-27 18:08:51] [ INFO ] [PacienteController:63] Registrando paciente
[2023-06-27 18:08:53] [ INFO ] [PacienteController:29] Buscando lista de pacientes
[2023-06-27 18:08:55] [ INFO ] [PacienteController:38] Paciente encontrado
[2023-06-27 18:09:14] [ INFO ] [PacienteController:73] Actualizando paciente correctamente
[2023-06-27 18:09:14] [ INFO ] [PacienteController:29] Buscando lista de pacientes
[2023-06-27 18:09:18] [ INFO ] [PacienteController:87] Paciente eliminado con exito
[2023-06-27 18:11:00] [ INFO ] [PacienteController:29] Buscando lista de pacientes
[2023-06-27 18:11:11] [ INFO ] [PacienteController:63] Registrando paciente
[2023-06-27 18:11:13] [ INFO ] [PacienteController:29] Buscando lista de pacientes
[2023-06-27 18:11:15] [ INFO ] [PacienteController:87] Paciente eliminado con exito
[2023-06-27 18:12:55] [ INFO ] [PacienteController:29] Buscando lista de pacientes
[2023-06-27 18:13:06] [ INFO ] [PacienteController:63] Registrando paciente
[2023-06-27 18:13:14] [ INFO ] [PacienteController:29] Buscando lista de pacientes
[2023-06-27 18:13:19] [ INFO ] [PacienteController:87] Paciente eliminado con exito
[2023-06-28 15:23:43] [ INFO ] [OdontologoController:29] Listando todos los odontologos
[2023-06-28 15:23:47] [ INFO ] [OdontologoController:62] Registrando nuevo odontologo
[2023-06-28 15:23:48] [ INFO ] [PacienteController:29] Buscando lista de pacientes
[2023-06-28 15:24:01] [ INFO ] [PacienteController:63] Registrando paciente
[2023-06-28 15:27:06] [ INFO ] [OdontologoController:29] Listando todos los odontologos
[2023-06-28 15:27:09] [ INFO ] [OdontologoController:62] Registrando nuevo odontologo
[2023-06-28 15:27:11] [ INFO ] [OdontologoController:29] Listando todos los odontologos
[2023-06-28 15:27:12] [ INFO ] [PacienteController:29] Buscando lista de pacientes
[2023-06-28 15:27:31] [ INFO ] [PacienteController:63] Registrando paciente
[2023-06-28 15:27:32] [ INFO ] [PacienteController:29] Buscando lista de pacientes
[2023-06-28 15:27:34] [ INFO ] [OdontologoController:29] Listando todos los odontologos
[2023-06-28 15:27:35] [ INFO ] [PacienteController:29] Buscando lista de pacientes
[2023-06-28 15:27:36] [ INFO ] [OdontologoController:29] Listando todos los odontologos
[2023-06-28 15:27:36] [ INFO ] [PacienteController:29] Buscando lista de pacientes
[2023-06-28 15:27:55] [ INFO ] [TurnoController:50] No se pudo registrar el turno
[2023-06-28 15:32:47] [ INFO ] [TurnoController:50] No se pudo registrar el turno
[2023-06-28 15:41:09] [ INFO ] [PacienteController:29] Buscando lista de pacientes
[2023-06-28 15:44:07] [ INFO ] [PacienteController:28] Buscando lista de pacientes
[2023-06-28 15:44:09] [ INFO ] [OdontologoController:28] Listando todos los odontologos
[2023-06-28 15:44:14] [ INFO ] [OdontologoController:61] Registrando nuevo odontologo
[2023-06-28 15:44:15] [ INFO ] [PacienteController:28] Buscando lista de pacientes
[2023-06-28 15:44:28] [ INFO ] [PacienteController:62] Registrando paciente
[2023-06-28 15:44:29] [ INFO ] [PacienteController:28] Buscando lista de pacientes
[2023-06-28 15:44:30] [ INFO ] [OdontologoController:28] Listando todos los odontologos
[2023-06-28 15:44:33] [ INFO ] [PacienteController:28] Buscando lista de pacientes
[2023-06-28 15:44:35] [ INFO ] [OdontologoController:28] Listando todos los odontologos
[2023-06-28 15:44:36] [ INFO ] [TurnoController:57] Listando todos los turnos
[2023-06-28 15:44:45] [ INFO ] [TurnoController:49] No se pudo registrar el turno
[2023-06-28 15:45:46] [ INFO ] [TurnoController:57] Listando todos los turnos
[2023-06-28 15:46:05] [ INFO ] [TurnoController:49] No se pudo registrar el turno
[2023-06-28 15:46:07] [ INFO ] [TurnoController:57] Listando todos los turnos
[2023-06-28 15:48:09] [ INFO ] [OdontologoController:28] Listando todos los odontologos
[2023-06-28 15:48:13] [ INFO ] [OdontologoController:61] Registrando nuevo odontologo
[2023-06-28 15:48:14] [ INFO ] [PacienteController:28] Buscando lista de pacientes
[2023-06-28 15:48:24] [ INFO ] [PacienteController:62] Registrando paciente
[2023-06-28 15:48:26] [ INFO ] [PacienteController:28] Buscando lista de pacientes
[2023-06-28 15:48:31] [ INFO ] [TurnoController:57] Listando todos los turnos
[2023-06-28 15:48:39] [ INFO ] [TurnoController:49] No se pudo registrar el turno
[2023-06-28 15:48:51] [ INFO ] [TurnoController:57] Listando todos los turnos
[2023-06-28 15:51:43] [ INFO ] [TurnoController:57] Listando todos los turnos
[2023-06-28 15:51:59] [ INFO ] [OdontologoController:28] Listando todos los odontologos
[2023-06-28 15:52:04] [ INFO ] [OdontologoController:61] Registrando nuevo odontologo
[2023-06-28 15:52:09] [ INFO ] [OdontologoController:28] Listando todos los odontologos
[2023-06-28 15:52:12] [ INFO ] [PacienteController:28] Buscando lista de pacientes
[2023-06-28 15:52:24] [ INFO ] [PacienteController:62] Registrando paciente
[2023-06-28 15:52:27] [ INFO ] [PacienteController:28] Buscando lista de pacientes
[2023-06-28 15:52:29] [ INFO ] [TurnoController:57] Listando todos los turnos
[2023-06-28 15:52:37] [ INFO ] [TurnoController:49] No se pudo registrar el turno
[2023-06-28 15:54:10] [ INFO ] [OdontologoController:28] Listando todos los odontologos
[2023-06-28 15:54:14] [ INFO ] [OdontologoController:61] Registrando nuevo odontologo
[2023-06-28 15:54:15] [ INFO ] [PacienteController:28] Buscando lista de pacientes
[2023-06-28 15:54:24] [ INFO ] [PacienteController:62] Registrando paciente
[2023-06-28 15:54:27] [ INFO ] [PacienteController:28] Buscando lista de pacientes
[2023-06-28 15:54:28] [ INFO ] [OdontologoController:28] Listando todos los odontologos
[2023-06-28 15:54:28] [ INFO ] [PacienteController:28] Buscando lista de pacientes
[2023-06-28 15:54:29] [ INFO ] [TurnoController:57] Listando todos los turnos
[2023-06-28 15:54:53] [ INFO ] [TurnoController:57] Listando todos los turnos
[2023-06-28 15:57:53] [ INFO ] [TurnoController:57] Listando todos los turnos
[2023-06-28 16:03:59] [ INFO ] [OdontologoController:28] Listando todos los odontologos
[2023-06-28 16:04:03] [ INFO ] [OdontologoController:61] Registrando nuevo odontologo
[2023-06-28 16:04:05] [ INFO ] [PacienteController:28] Buscando lista de pacientes
[2023-06-28 16:04:16] [ INFO ] [PacienteController:62] Registrando paciente
[2023-06-28 16:04:18] [ INFO ] [TurnoController:56] Listando todos los turnos
[2023-06-28 16:04:19] [ INFO ] [OdontologoController:28] Listando todos los odontologos
[2023-06-28 16:04:20] [ INFO ] [PacienteController:28] Buscando lista de pacientes
[2023-06-28 16:04:20] [ INFO ] [TurnoController:56] Listando todos los turnos
[2023-06-28 16:04:27] [ INFO ] [TurnoController:48] No se pudo registrar el turno
[2023-06-28 16:14:53] [ INFO ] [OdontologoController:28] Listando todos los odontologos
[2023-06-28 16:14:57] [ INFO ] [OdontologoController:61] Registrando nuevo odontologo
[2023-06-28 16:14:58] [ INFO ] [PacienteController:28] Buscando lista de pacientes
[2023-06-28 16:15:06] [ INFO ] [PacienteController:62] Registrando paciente
[2023-06-28 16:15:08] [ INFO ] [OdontologoController:28] Listando todos los odontologos
[2023-06-28 16:15:09] [ INFO ] [PacienteController:28] Buscando lista de pacientes
[2023-06-28 16:15:10] [ INFO ] [TurnoController:56] Listando todos los turnos
[2023-06-28 16:18:25] [ INFO ] [OdontologoController:28] Listando todos los odontologos
[2023-06-28 16:18:30] [ INFO ] [OdontologoController:61] Registrando nuevo odontologo
[2023-06-28 16:18:31] [ INFO ] [PacienteController:28] Buscando lista de pacientes
[2023-06-28 16:18:39] [ INFO ] [PacienteController:62] Registrando paciente
[2023-06-28 16:18:41] [ INFO ] [TurnoController:56] Listando todos los turnos
[2023-06-28 16:22:45] [ INFO ] [OdontologoController:28] Listando todos los odontologos
[2023-06-28 16:22:49] [ INFO ] [OdontologoController:61] Registrando nuevo odontologo
[2023-06-28 16:22:50] [ INFO ] [PacienteController:28] Buscando lista de pacientes
[2023-06-28 16:22:59] [ INFO ] [PacienteController:62] Registrando paciente
[2023-06-28 16:23:03] [ INFO ] [PacienteController:28] Buscando lista de pacientes
[2023-06-28 16:23:06] [ INFO ] [OdontologoController:28] Listando todos los odontologos
[2023-06-28 16:23:07] [ INFO ] [TurnoController:58] Listando todos los turnos
[2023-06-28 16:23:19] [ INFO ] [TurnoController:49] No se pudo registrar el turno
[2023-06-28 16:23:37] [ INFO ] [TurnoController:49] No se pudo registrar el turno
[2023-06-28 16:27:05] [ INFO ] [OdontologoController:28] Listando todos los odontologos
[2023-06-28 16:27:10] [ INFO ] [OdontologoController:61] Registrando nuevo odontologo
[2023-06-28 16:27:11] [ INFO ] [PacienteController:28] Buscando lista de pacientes
[2023-06-28 16:27:21] [ INFO ] [PacienteController:62] Registrando paciente
[2023-06-28 16:27:23] [ INFO ] [TurnoController:58] Listando todos los turnos
[2023-06-28 16:27:30] [ INFO ] [TurnoController:49] No se pudo registrar el turno
[2023-06-28 16:27:45] [ INFO ] [TurnoController:58] Listando todos los turnos
[2023-06-28 16:28:04] [ INFO ] [TurnoController:49] No se pudo registrar el turno
[2023-06-28 16:30:55] [ INFO ] [OdontologoController:28] Listando todos los odontologos
[2023-06-28 16:30:56] [ INFO ] [PacienteController:28] Buscando lista de pacientes
[2023-06-28 16:31:00] [ INFO ] [TurnoController:58] Listando todos los turnos
[2023-06-28 16:31:08] [ INFO ] [TurnoController:49] No se pudo registrar el turno
[2023-06-28 16:34:00] [ INFO ] [OdontologoController:28] Listando todos los odontologos
[2023-06-28 16:34:04] [ INFO ] [OdontologoController:61] Registrando nuevo odontologo
[2023-06-28 16:34:05] [ INFO ] [PacienteController:28] Buscando lista de pacientes
[2023-06-28 16:34:14] [ INFO ] [PacienteController:62] Registrando paciente
[2023-06-28 16:34:15] [ INFO ] [TurnoController:58] Listando todos los turnos
[2023-06-28 16:37:37] [ INFO ] [OdontologoController:28] Listando todos los odontologos
[2023-06-28 16:37:43] [ INFO ] [OdontologoController:61] Registrando nuevo odontologo
[2023-06-28 16:37:43] [ INFO ] [PacienteController:28] Buscando lista de pacientes
[2023-06-28 16:37:52] [ INFO ] [PacienteController:62] Registrando paciente
[2023-06-28 16:37:53] [ INFO ] [TurnoController:58] Listando todos los turnos
[2023-06-28 16:38:05] [ INFO ] [TurnoController:58] Listando todos los turnos
[2023-06-28 16:38:08] [ INFO ] [TurnoController:58] Listando todos los turnos
[2023-06-28 16:40:30] [ INFO ] [TurnoController:58] Listando todos los turnos
[2023-06-28 16:44:07] [ INFO ] [OdontologoController:28] Listando todos los odontologos
[2023-06-28 16:44:12] [ INFO ] [OdontologoController:61] Registrando nuevo odontologo
[2023-06-28 16:44:14] [ INFO ] [OdontologoController:28] Listando todos los odontologos
[2023-06-28 16:44:16] [ INFO ] [PacienteController:28] Buscando lista de pacientes
[2023-06-28 16:44:24] [ INFO ] [PacienteController:62] Registrando paciente
[2023-06-28 16:44:28] [ INFO ] [PacienteController:28] Buscando lista de pacientes
[2023-06-28 16:44:29] [ INFO ] [TurnoController:58] Listando todos los turnos
[2023-06-28 16:44:46] [ INFO ] [TurnoController:58] Listando todos los turnos
[2023-06-28 16:47:40] [ INFO ] [OdontologoController:28] Listando todos los odontologos
[2023-06-28 16:47:45] [ INFO ] [OdontologoController:61] Registrando nuevo odontologo
[2023-06-28 16:47:46] [ INFO ] [PacienteController:28] Buscando lista de pacientes
[2023-06-28 16:47:54] [ INFO ] [PacienteController:62] Registrando paciente
[2023-06-28 16:47:56] [ INFO ] [TurnoController:58] Listando todos los turnos
[2023-06-28 16:48:03] [ INFO ] [TurnoController:49] No se pudo registrar el turno
[2023-06-28 16:55:00] [ INFO ] [OdontologoController:28] Listando todos los odontologos
[2023-06-28 16:55:06] [ INFO ] [OdontologoController:61] Registrando nuevo odontologo
[2023-06-28 16:55:06] [ INFO ] [PacienteController:28] Buscando lista de pacientes
[2023-06-28 16:55:15] [ INFO ] [PacienteController:62] Registrando paciente
[2023-06-28 16:55:16] [ INFO ] [TurnoController:54] Listando todos los turnos
[2023-06-28 17:04:40] [ INFO ] [OdontologoController:28] Listando todos los odontologos
[2023-06-28 17:04:47] [ INFO ] [OdontologoController:61] Registrando nuevo odontologo
[2023-06-28 17:04:48] [ INFO ] [PacienteController:28] Buscando lista de pacientes
[2023-06-28 17:04:58] [ INFO ] [PacienteController:62] Registrando paciente
[2023-06-28 17:05:00] [ INFO ] [TurnoController:54] Listando todos los turnos
[2023-06-28 17:09:26] [ INFO ] [TurnoController:54] Listando todos los turnos
[2023-06-28 17:09:39] [ INFO ] [TurnoController:54] Listando todos los turnos
[2023-06-28 17:14:09] [ INFO ] [TurnoController:45] No se pudo registrar el turno
[2023-06-28 17:18:27] [ INFO ] [OdontologoController:28] Listando todos los odontologos
[2023-06-28 17:18:31] [ INFO ] [OdontologoController:61] Registrando nuevo odontologo
[2023-06-28 17:18:31] [ INFO ] [PacienteController:28] Buscando lista de pacientes
[2023-06-28 17:18:39] [ INFO ] [PacienteController:62] Registrando paciente
[2023-06-28 17:18:40] [ INFO ] [TurnoController:54] Listando todos los turnos
[2023-06-28 17:18:51] [ INFO ] [TurnoController:54] Listando todos los turnos
[2023-06-28 17:21:22] [ INFO ] [TurnoController:54] Listando todos los turnos
[2023-06-28 17:21:23] [ INFO ] [OdontologoController:28] Listando todos los odontologos
[2023-06-28 17:21:29] [ INFO ] [OdontologoController:61] Registrando nuevo odontologo
[2023-06-28 17:21:30] [ INFO ] [PacienteController:28] Buscando lista de pacientes
[2023-06-28 17:21:38] [ INFO ] [PacienteController:62] Registrando paciente
[2023-06-28 17:21:40] [ INFO ] [TurnoController:54] Listando todos los turnos
[2023-06-28 17:23:25] [ INFO ] [TurnoController:54] Listando todos los turnos
[2023-06-28 17:23:28] [ INFO ] [OdontologoController:28] Listando todos los odontologos
[2023-06-28 17:23:33] [ INFO ] [OdontologoController:61] Registrando nuevo odontologo
[2023-06-28 17:23:34] [ INFO ] [PacienteController:28] Buscando lista de pacientes
[2023-06-28 17:23:42] [ INFO ] [PacienteController:62] Registrando paciente
[2023-06-28 17:23:44] [ INFO ] [TurnoController:54] Listando todos los turnos
[2023-06-28 17:23:55] [ INFO ] [TurnoController:54] Listando todos los turnos
[2023-06-28 17:24:07] [ INFO ] [TurnoController:77] Eliminando turno con exito
[2023-06-28 20:22:30] [ INFO ] [OdontologoController:28] Listando todos los odontologos
[2023-06-28 20:22:31] [ INFO ] [PacienteController:28] Buscando lista de pacientes
[2023-06-28 20:22:33] [ INFO ] [TurnoController:54] Listando todos los turnos
[2023-06-28 22:23:42] [ INFO ] [TurnoController:54] Listando todos los turnos
[2023-06-28 23:34:33] [ INFO ] [TurnoController:54] Listando todos los turnos
[2023-06-28 23:35:02] [ INFO ] [TurnoController:54] Listando todos los turnos
[2023-06-28 23:37:31] [ INFO ] [OdontologoController:28] Listando todos los odontologos
[2023-06-28 23:37:35] [ INFO ] [OdontologoController:61] Registrando nuevo odontologo
[2023-06-28 23:37:36] [ INFO ] [PacienteController:28] Buscando lista de pacientes
[2023-06-28 23:37:45] [ INFO ] [PacienteController:62] Registrando paciente
[2023-06-28 23:37:47] [ INFO ] [PacienteController:28] Buscando lista de pacientes
[2023-06-28 23:37:50] [ INFO ] [OdontologoController:28] Listando todos los odontologos
[2023-06-28 23:37:53] [ INFO ] [OdontologoController:28] Listando todos los odontologos
[2023-06-28 23:37:57] [ INFO ] [OdontologoController:37] Buscando odontologo por ID con exito
[2023-06-28 23:38:01] [ INFO ] [OdontologoController:70] Se actualizo correctmente el odontologo
[2023-06-28 23:38:01] [ INFO ] [OdontologoController:28] Listando todos los odontologos
[2023-06-28 23:38:03] [ INFO ] [OdontologoController:85] Se elimino correctamente el odontologo
[2023-06-28 23:38:05] [ INFO ] [PacienteController:28] Buscando lista de pacientes
[2023-06-28 23:38:07] [ INFO ] [PacienteController:37] Paciente encontrado
[2023-06-28 23:38:14] [ INFO ] [PacienteController:72] Actualizando paciente correctamente
[2023-06-28 23:38:14] [ INFO ] [PacienteController:28] Buscando lista de pacientes
[2023-06-28 23:38:15] [ INFO ] [PacienteController:86] Paciente eliminado con exito
[2023-06-28 23:38:16] [ INFO ] [TurnoController:54] Listando todos los turnos
[2023-06-28 23:38:17] [ INFO ] [OdontologoController:28] Listando todos los odontologos
[2023-06-28 23:38:23] [ INFO ] [OdontologoController:61] Registrando nuevo odontologo
[2023-06-28 23:38:24] [ INFO ] [PacienteController:28] Buscando lista de pacientes
[2023-06-28 23:38:32] [ INFO ] [PacienteController:62] Registrando paciente
[2023-06-28 23:38:34] [ INFO ] [TurnoController:54] Listando todos los turnos
[2023-06-28 23:38:46] [ INFO ] [TurnoController:54] Listando todos los turnos
[2023-06-28 23:39:08] [ INFO ] [TurnoController:54] Listando todos los turnos
[2023-06-29 12:47:55] [ INFO ] [OdontologoController:28] Listando todos los odontologos
[2023-06-29 12:47:59] [ INFO ] [OdontologoController:61] Registrando nuevo odontologo
[2023-06-29 12:48:01] [ INFO ] [OdontologoController:28] Listando todos los odontologos
[2023-06-29 12:48:04] [ INFO ] [PacienteController:28] Buscando lista de pacientes
[2023-06-29 12:48:13] [ INFO ] [PacienteController:62] Registrando paciente
[2023-06-29 12:48:14] [ INFO ] [PacienteController:28] Buscando lista de pacientes
[2023-06-29 12:48:23] [ INFO ] [TurnoController:54] Listando todos los turnos
[2023-06-29 12:48:44] [ INFO ] [TurnoController:54] Listando todos los turnos
[2023-06-29 12:49:44] [ INFO ] [TurnoController:54] Listando todos los turnos
[2023-06-29 12:55:44] [ INFO ] [TurnoController:54] Listando todos los turnos
[2023-06-29 13:04:50] [ INFO ] [TurnoController:54] Listando todos los turnos
[2023-06-29 13:04:57] [ INFO ] [OdontologoController:28] Listando todos los odontologos
[2023-06-29 13:05:01] [ INFO ] [OdontologoController:61] Registrando nuevo odontologo
[2023-06-29 13:05:03] [ INFO ] [PacienteController:28] Buscando lista de pacientes
[2023-06-29 13:05:13] [ INFO ] [PacienteController:62] Registrando paciente
[2023-06-29 13:05:16] [ INFO ] [PacienteController:28] Buscando lista de pacientes
[2023-06-29 13:05:16] [ INFO ] [OdontologoController:28] Listando todos los odontologos
[2023-06-29 13:05:19] [ INFO ] [PacienteController:28] Buscando lista de pacientes
[2023-06-29 13:05:20] [ INFO ] [OdontologoController:28] Listando todos los odontologos
[2023-06-29 13:05:22] [ INFO ] [PacienteController:28] Buscando lista de pacientes
[2023-06-29 13:05:23] [ INFO ] [OdontologoController:28] Listando todos los odontologos
[2023-06-29 13:05:23] [ INFO ] [PacienteController:28] Buscando lista de pacientes
[2023-06-29 13:05:24] [ INFO ] [TurnoController:54] Listando todos los turnos
[2023-06-29 13:05:42] [ INFO ] [TurnoController:54] Listando todos los turnos
[2023-06-29 13:07:23] [ INFO ] [TurnoController:77] Eliminando turno con exito
[2023-06-29 13:07:27] [ INFO ] [PacienteController:28] Buscando lista de pacientes
[2023-06-29 13:07:28] [ INFO ] [OdontologoController:28] Listando todos los odontologos
[2023-06-29 13:07:30] [ INFO ] [TurnoController:54] Listando todos los turnos
[2023-06-29 14:37:27] [ INFO ] [OdontologoController:61] Registrando nuevo odontologo
[2023-06-29 14:37:30] [ INFO ] [OdontologoController:28] Listando todos los odontologos
[2023-06-29 14:37:40] [ INFO ] [PacienteController:62] Registrando paciente
[2023-06-29 14:37:53] [ INFO ] [TurnoController:54] Listando todos los turnos
[2023-06-29 14:37:54] [ INFO ] [TurnoController:63] Buscando turno por id con exito
[2023-06-29 14:38:03] [ INFO ] [TurnoController:63] Buscando turno por id con exito
[2023-06-29 14:38:12] [ INFO ] [TurnoController:77] Eliminando turno con exito
[2023-06-29 14:40:28] [ INFO ] [TurnoController:54] Listando todos los turnos
[2023-06-29 14:40:44] [ INFO ] [OdontologoController:61] Registrando nuevo odontologo
[2023-06-29 14:40:52] [ INFO ] [PacienteController:62] Registrando paciente
[2023-06-29 14:41:05] [ INFO ] [TurnoController:54] Listando todos los turnos
[2023-06-29 14:41:06] [ INFO ] [TurnoController:63] Buscando turno por id con exito
[2023-06-29 14:41:11] [ INFO ] [TurnoController:63] Buscando turno por id con exito
[2023-06-29 14:44:22] [ INFO ] [TurnoController:54] Listando todos los turnos
[2023-06-29 14:44:32] [ INFO ] [OdontologoController:61] Registrando nuevo odontologo
[2023-06-29 14:44:40] [ INFO ] [PacienteController:62] Registrando paciente
[2023-06-29 14:44:43] [ INFO ] [PacienteController:28] Buscando lista de pacientes
[2023-06-29 14:44:53] [ INFO ] [TurnoController:54] Listando todos los turnos
[2023-06-29 14:44:57] [ INFO ] [TurnoController:63] Buscando turno por id con exito
[2023-06-29 14:46:51] [ INFO ] [TurnoController:54] Listando todos los turnos
[2023-06-29 14:46:57] [ INFO ] [OdontologoController:61] Registrando nuevo odontologo
[2023-06-29 14:47:05] [ INFO ] [PacienteController:62] Registrando paciente
[2023-06-29 14:47:12] [ INFO ] [TurnoController:54] Listando todos los turnos
[2023-06-29 14:48:28] [ INFO ] [TurnoController:63] Buscando turno por id con exito
[2023-06-29 14:49:11] [ INFO ] [OdontologoController:61] Registrando nuevo odontologo
[2023-06-29 14:49:14] [ INFO ] [OdontologoController:28] Listando todos los odontologos
[2023-06-29 14:49:35] [ INFO ] [PacienteController:62] Registrando paciente
[2023-06-29 14:49:37] [ INFO ] [PacienteController:28] Buscando lista de pacientes
[2023-06-29 14:49:43] [ INFO ] [TurnoController:54] Listando todos los turnos
[2023-06-29 14:49:45] [ INFO ] [TurnoController:63] Buscando turno por id con exito
[2023-06-29 14:49:57] [ INFO ] [TurnoController:54] Listando todos los turnos
[2023-06-29 14:50:01] [ INFO ] [TurnoController:63] Buscando turno por id con exito
[2023-06-29 14:50:06] [ INFO ] [TurnoController:54] Listando todos los turnos
[2023-06-29 14:50:27] [ INFO ] [TurnoController:54] Listando todos los turnos
[2023-06-29 14:50:31] [ INFO ] [TurnoController:54] Listando todos los turnos
[2023-06-29 14:52:21] [ INFO ] [TurnoController:54] Listando todos los turnos
[2023-06-29 14:52:30] [ INFO ] [OdontologoController:61] Registrando nuevo odontologo
[2023-06-29 14:52:39] [ INFO ] [PacienteController:62] Registrando paciente
[2023-06-29 14:52:47] [ INFO ] [TurnoController:54] Listando todos los turnos
[2023-06-29 14:53:04] [ INFO ] [TurnoController:54] Listando todos los turnos
[2023-06-29 14:54:36] [ INFO ] [TurnoController:54] Listando todos los turnos
[2023-06-29 14:54:41] [ INFO ] [OdontologoController:61] Registrando nuevo odontologo
[2023-06-29 14:54:53] [ INFO ] [PacienteController:62] Registrando paciente
[2023-06-29 14:55:03] [ INFO ] [TurnoController:54] Listando todos los turnos
[2023-06-29 14:55:13] [ INFO ] [TurnoController:63] Buscando turno por id con exito
[2023-06-29 14:57:08] [ INFO ] [OdontologoController:61] Registrando nuevo odontologo
[2023-06-29 14:57:15] [ INFO ] [OdontologoController:61] Registrando nuevo odontologo
[2023-06-29 14:57:17] [ INFO ] [OdontologoController:28] Listando todos los odontologos
[2023-06-29 14:57:35] [ INFO ] [PacienteController:28] Buscando lista de pacientes
[2023-06-29 14:57:38] [ INFO ] [OdontologoController:28] Listando todos los odontologos
[2023-06-29 14:57:40] [ INFO ] [TurnoController:54] Listando todos los turnos
[2023-06-29 14:57:41] [ INFO ] [TurnoController:63] Buscando turno por id con exito
[2023-06-29 14:57:49] [ INFO ] [TurnoController:54] Listando todos los turnos
[2023-06-29 14:57:55] [ INFO ] [TurnoController:54] Listando todos los turnos
[2023-06-29 15:01:20] [ INFO ] [TurnoController:54] Listando todos los turnos
[2023-06-29 15:01:25] [ INFO ] [OdontologoController:61] Registrando nuevo odontologo
[2023-06-29 15:01:35] [ INFO ] [PacienteController:62] Registrando paciente
[2023-06-29 15:01:47] [ INFO ] [PacienteController:62] Registrando paciente
[2023-06-29 15:01:57] [ INFO ] [OdontologoController:61] Registrando nuevo odontologo
[2023-06-29 15:01:59] [ INFO ] [OdontologoController:28] Listando todos los odontologos
[2023-06-29 15:02:01] [ INFO ] [PacienteController:28] Buscando lista de pacientes
[2023-06-29 15:02:30] [ INFO ] [PacienteController:62] Registrando paciente
[2023-06-29 15:02:35] [ INFO ] [PacienteController:28] Buscando lista de pacientes
[2023-06-29 15:02:39] [ INFO ] [PacienteController:28] Buscando lista de pacientes
[2023-06-29 15:03:07] [ INFO ] [PacienteController:62] Registrando paciente
[2023-06-29 15:03:10] [ INFO ] [PacienteController:28] Buscando lista de pacientes
[2023-06-29 15:03:21] [ INFO ] [TurnoController:54] Listando todos los turnos
[2023-06-29 15:03:31] [ INFO ] [TurnoController:54] Listando todos los turnos
[2023-06-29 15:03:35] [ INFO ] [TurnoController:63] Buscando turno por id con exito
[2023-06-29 15:03:47] [ INFO ] [TurnoController:91] Actualizando turno con éxito
[2023-06-29 15:03:48] [ INFO ] [TurnoController:54] Listando todos los turnos
[2023-06-29 15:03:53] [ INFO ] [TurnoController:54] Listando todos los turnos
[2023-06-29 15:04:02] [ INFO ] [TurnoController:63] Buscando turno por id con exito
[2023-06-29 15:04:16] [ INFO ] [TurnoController:91] Actualizando turno con éxito
[2023-06-29 15:04:16] [ INFO ] [TurnoController:54] Listando todos los turnos
[2023-06-29 22:55:42] [ INFO ] [OdontologoController:61] Registrando nuevo odontologo
[2023-06-29 22:55:44] [ INFO ] [OdontologoController:28] Listando todos los odontologos
[2023-06-29 22:55:45] [ INFO ] [OdontologoController:37] Buscando odontologo por ID con exito
[2023-06-29 22:55:50] [ INFO ] [OdontologoController:28] Listando todos los odontologos
[2023-06-29 22:56:11] [ INFO ] [OdontologoController:37] Buscando odontologo por ID con exito
[2023-06-29 22:56:16] [ INFO ] [OdontologoController:28] Listando todos los odontologos
[2023-06-29 22:56:22] [ INFO ] [OdontologoController:37] Buscando odontologo por ID con exito
[2023-06-29 22:58:29] [ INFO ] [OdontologoController:28] Listando todos los odontologos
[2023-06-29 22:58:38] [ INFO ] [OdontologoController:61] Registrando nuevo odontologo
[2023-06-29 22:58:39] [ INFO ] [OdontologoController:28] Listando todos los odontologos
[2023-06-29 22:58:40] [ INFO ] [OdontologoController:37] Buscando odontologo por ID con exito
[2023-06-29 22:58:43] [ INFO ] [OdontologoController:70] Se actualizo correctmente el odontologo
[2023-06-29 22:58:43] [ INFO ] [OdontologoController:28] Listando todos los odontologos
[2023-06-30 14:44:19] [ INFO ] [OdontologoController:61] Registrando nuevo odontologo
[2023-06-30 14:44:21] [ INFO ] [OdontologoController:28] Listando todos los odontologos
[2023-06-30 14:44:23] [ INFO ] [OdontologoController:37] Buscando odontologo por ID con exito
[2023-06-30 14:44:28] [ INFO ] [OdontologoController:70] Se actualizo correctmente el odontologo
[2023-06-30 14:44:28] [ INFO ] [OdontologoController:28] Listando todos los odontologos
[2023-06-30 14:44:31] [ INFO ] [OdontologoController:85] Se elimino correctamente el odontologo
[2023-06-30 14:44:35] [ INFO ] [OdontologoController:61] Registrando nuevo odontologo
[2023-06-30 14:44:36] [ INFO ] [OdontologoController:28] Listando todos los odontologos
[2023-06-30 14:44:46] [ INFO ] [PacienteController:62] Registrando paciente
[2023-06-30 14:44:49] [ INFO ] [PacienteController:28] Buscando lista de pacientes
[2023-06-30 14:44:53] [ INFO ] [PacienteController:37] Paciente encontrado
[2023-06-30 14:45:10] [ INFO ] [PacienteController:72] Actualizando paciente correctamente
[2023-06-30 14:45:10] [ INFO ] [PacienteController:28] Buscando lista de pacientes
[2023-06-30 14:45:17] [ INFO ] [PacienteController:86] Paciente eliminado con exito
[2023-06-30 14:45:26] [ INFO ] [PacienteController:62] Registrando paciente
[2023-06-30 14:45:29] [ INFO ] [PacienteController:28] Buscando lista de pacientes
[2023-06-30 14:45:43] [ INFO ] [TurnoController:54] Listando todos los turnos
[2023-06-30 14:45:45] [ INFO ] [TurnoController:63] Buscando turno por id con exito
[2023-06-30 14:45:49] [ INFO ] [TurnoController:54] Listando todos los turnos
[2023-06-30 14:45:57] [ INFO ] [TurnoController:77] Eliminando turno con exito
[2023-06-30 14:45:58] [ INFO ] [PacienteController:28] Buscando lista de pacientes
[2023-06-30 14:45:59] [ INFO ] [PacienteController:86] Paciente eliminado con exito
[2023-06-30 14:46:00] [ INFO ] [OdontologoController:28] Listando todos los odontologos
[2023-06-30 14:46:01] [ INFO ] [OdontologoController:85] Se elimino correctamente el odontologo
[2023-07-03 19:09:18] [ INFO ] [OdontologoController:61] Registrando nuevo odontologo
[2023-07-03 19:09:21] [ INFO ] [OdontologoController:61] Registrando nuevo odontologo
[2023-07-03 19:09:23] [ INFO ] [OdontologoController:28] Listando todos los odontologos
[2023-07-03 19:09:38] [ INFO ] [PacienteController:62] Registrando paciente
[2023-07-03 19:09:56] [ INFO ] [PacienteController:62] Registrando paciente
[2023-07-03 19:09:58] [ INFO ] [PacienteController:28] Buscando lista de pacientes
[2023-07-03 19:10:13] [ INFO ] [TurnoController:54] Listando todos los turnos
[2023-07-03 19:10:18] [ INFO ] [TurnoController:63] Buscando turno por id con exito
[2023-07-03 19:10:28] [ INFO ] [TurnoController:91] Actualizando turno con éxito
[2023-07-03 19:10:28] [ INFO ] [TurnoController:54] Listando todos los turnos
[2023-07-03 19:10:32] [ INFO ] [TurnoController:77] Eliminando turno con exito
[2023-07-03 19:10:34] [ INFO ] [PacienteController:28] Buscando lista de pacientes
[2023-07-03 19:10:35] [ INFO ] [PacienteController:37] Paciente encontrado
[2023-07-03 19:10:47] [ INFO ] [PacienteController:28] Buscando lista de pacientes
[2023-07-03 19:11:01] [ INFO ] [PacienteController:37] Paciente encontrado
[2023-07-03 19:11:26] [ INFO ] [PacienteController:72] Actualizando paciente correctamente
[2023-07-03 19:11:26] [ INFO ] [PacienteController:28] Buscando lista de pacientes
[2023-07-03 19:11:28] [ INFO ] [PacienteController:86] Paciente eliminado con exito
[2023-07-03 19:11:29] [ INFO ] [PacienteController:86] Paciente eliminado con exito
[2023-07-03 19:11:31] [ INFO ] [OdontologoController:28] Listando todos los odontologos
[2023-07-03 19:11:32] [ INFO ] [OdontologoController:85] Se elimino correctamente el odontologo
[2023-07-03 19:11:33] [ INFO ] [OdontologoController:37] Buscando odontologo por ID con exito
[2023-07-03 19:11:36] [ INFO ] [OdontologoController:70] Se actualizo correctmente el odontologo
[2023-07-03 19:11:36] [ INFO ] [OdontologoController:28] Listando todos los odontologos
[2023-07-03 19:11:38] [ INFO ] [OdontologoController:85] Se elimino correctamente el odontologo
[2023-07-03 19:41:41] [ INFO ] [OdontologoController:61] Registrando nuevo odontologo
[2023-07-03 19:41:43] [ INFO ] [OdontologoController:61] Registrando nuevo odontologo
[2023-07-03 20:50:18] [ INFO ] [OdontologoController:28] Listando todos los odontologos
[2023-07-03 20:50:20] [ INFO ] [PacienteController:28] Buscando lista de pacientes
[2023-07-03 20:50:21] [ INFO ] [TurnoController:54] Listando todos los turnos
[2023-07-03 20:50:27] [ INFO ] [OdontologoController:61] Registrando nuevo odontologo
[2023-07-03 20:50:28] [ INFO ] [OdontologoController:28] Listando todos los odontologos
[2023-07-03 20:50:30] [ INFO ] [OdontologoController:37] Buscando odontologo por ID con exito
[2023-07-03 20:50:33] [ INFO ] [OdontologoController:70] Se actualizo correctmente el odontologo
[2023-07-03 20:50:33] [ INFO ] [OdontologoController:28] Listando todos los odontologos
[2023-07-03 20:50:35] [ INFO ] [OdontologoController:85] Se elimino correctamente el odontologo
[2023-07-03 20:50:45] [ INFO ] [PacienteController:28] Buscando lista de pacientes
[2023-07-03 20:50:48] [ INFO ] [TurnoController:54] Listando todos los turnos
[2023-07-03 20:50:51] [ INFO ] [PacienteController:28] Buscando lista de pacientes
[2023-07-03 20:59:11] [ INFO ] [PacienteController:28] Buscando lista de pacientes
[2023-07-03 20:59:13] [ INFO ] [TurnoController:54] Listando todos los turnos
[2023-07-03 21:03:09] [ INFO ] [OdontologoController:61] Registrando nuevo odontologo
[2023-07-03 21:03:11] [ INFO ] [OdontologoController:28] Listando todos los odontologos
[2023-07-03 21:03:12] [ INFO ] [OdontologoController:37] Buscando odontologo por ID con exito
[2023-07-03 21:03:16] [ INFO ] [OdontologoController:70] Se actualizo correctmente el odontologo
[2023-07-03 21:03:16] [ INFO ] [OdontologoController:28] Listando todos los odontologos
[2023-07-03 21:03:17] [ INFO ] [OdontologoController:85] Se elimino correctamente el odontologo
[2023-07-03 21:03:22] [ INFO ] [OdontologoController:61] Registrando nuevo odontologo
[2023-07-03 21:03:42] [ INFO ] [TurnoController:45] No se pudo registrar el turno
[2023-07-03 21:03:48] [ INFO ] [PacienteController:28] Buscando lista de pacientes
[2023-07-03 21:04:15] [ INFO ] [PacienteController:28] Buscando lista de pacientes
[2023-07-03 21:05:30] [ INFO ] [OdontologoController:61] Registrando nuevo odontologo
[2023-07-03 21:05:32] [ INFO ] [OdontologoController:28] Listando todos los odontologos
[2023-07-03 21:05:55] [ INFO ] [PacienteController:62] Registrando paciente
[2023-07-03 21:05:58] [ INFO ] [PacienteController:28] Buscando lista de pacientes
[2023-07-03 21:05:59] [ INFO ] [PacienteController:37] Paciente encontrado
[2023-07-03 21:06:10] [ INFO ] [PacienteController:72] Actualizando paciente correctamente
[2023-07-03 21:06:10] [ INFO ] [PacienteController:28] Buscando lista de pacientes
[2023-07-03 21:06:13] [ INFO ] [PacienteController:86] Paciente eliminado con exito
[2023-07-03 21:06:24] [ INFO ] [PacienteController:62] Registrando paciente
[2023-07-03 21:06:26] [ INFO ] [PacienteController:28] Buscando lista de pacientes
[2023-07-03 21:06:27] [ INFO ] [OdontologoController:28] Listando todos los odontologos
[2023-07-03 21:06:29] [ INFO ] [TurnoController:54] Listando todos los turnos
[2023-07-03 21:06:34] [ INFO ] [TurnoController:45] No se pudo registrar el turno
[2023-07-03 21:06:49] [ INFO ] [TurnoController:45] No se pudo registrar el turno
[2023-07-03 21:06:52] [ INFO ] [TurnoController:54] Listando todos los turnos
[2023-07-03 21:07:45] [ INFO ] [TurnoController:54] Listando todos los turnos
[2023-07-03 21:07:49] [ INFO ] [OdontologoController:61] Registrando nuevo odontologo
[2023-07-03 21:07:51] [ INFO ] [OdontologoController:28] Listando todos los odontologos
[2023-07-03 21:07:55] [ INFO ] [OdontologoController:37] Buscando odontologo por ID con exito
[2023-07-03 21:07:59] [ INFO ] [OdontologoController:70] Se actualizo correctmente el odontologo
[2023-07-03 21:07:59] [ INFO ] [OdontologoController:28] Listando todos los odontologos
[2023-07-03 21:08:13] [ INFO ] [PacienteController:62] Registrando paciente
[2023-07-03 21:08:15] [ INFO ] [PacienteController:28] Buscando lista de pacientes
[2023-07-03 21:08:17] [ INFO ] [PacienteController:37] Paciente encontrado
[2023-07-03 21:08:24] [ INFO ] [PacienteController:72] Actualizando paciente correctamente
[2023-07-03 21:08:24] [ INFO ] [PacienteController:28] Buscando lista de pacientes
[2023-07-03 21:08:35] [ INFO ] [TurnoController:54] Listando todos los turnos
[2023-07-03 21:08:37] [ INFO ] [TurnoController:63] Buscando turno por id con exito
[2023-07-03 21:08:39] [ INFO ] [TurnoController:77] Eliminando turno con exito
[2023-07-07 19:33:38] [ INFO ] [OdontologoController:61] Registrando nuevo odontologo
[2023-07-07 19:33:43] [ INFO ] [OdontologoController:28] Listando todos los odontologos
[2023-07-07 19:33:45] [ INFO ] [OdontologoController:37] Buscando odontologo por ID con exito
[2023-07-07 19:33:54] [ INFO ] [OdontologoController:70] Se actualizo correctmente el odontologo
[2023-07-07 19:33:54] [ INFO ] [OdontologoController:28] Listando todos los odontologos
[2023-07-07 19:33:59] [ INFO ] [OdontologoController:85] Se elimino correctamente el odontologo
[2023-07-07 19:34:42] [ INFO ] [PacienteController:62] Registrando paciente
[2023-07-07 19:34:47] [ INFO ] [PacienteController:28] Buscando lista de pacientes
[2023-07-07 19:35:15] [ INFO ] [TurnoController:45] No se pudo registrar el turno
[2023-07-07 19:35:28] [ INFO ] [OdontologoController:61] Registrando nuevo odontologo
[2023-07-07 19:35:31] [ INFO ] [OdontologoController:28] Listando todos los odontologos
[2023-07-07 19:36:16] [ INFO ] [TurnoController:54] Listando todos los turnos
